<?xml version="1.0" encoding="utf-8"?><testsuites name="pytest tests"><testsuite name="pytest" errors="0" failures="0" skipped="0" tests="11" time="16.954" timestamp="2026-06-12T13:32:54.991896+00:00" hostname="agent-env-688a8b1c-31d3-4368-bffc-6d2ed5a88b04"><testcase classname="backend.tests.test_tiktok_proxy.TestHealth" name="test_root_ok" time="0.166" /><testcase classname="backend.tests.test_tiktok_proxy.TestUserInfo" name="test_user_info_valid" time="1.554" /><testcase classname="backend.tests.test_tiktok_proxy.TestUserInfo" name="test_user_info_invalid_username_returns_error" time="4.183" /><testcase classname="backend.tests.test_tiktok_proxy.TestUserInfo" name="test_user_info_bad_format_returns_400" time="0.121" /><testcase classname="backend.tests.test_tiktok_proxy.TestUserInfo" name="test_username_extraction_variants[@tiktok]" time="1.163" /><testcase classname="backend.tests.test_tiktok_proxy.TestUserInfo" name="test_username_extraction_variants[tiktok]" time="1.171" /><testcase classname="backend.tests.test_tiktok_proxy.TestUserInfo" name="test_username_extraction_variants[https://www.tiktok.com/@tiktok]" time="1.196" /><testcase classname="backend.tests.test_tiktok_proxy.TestUserPosts" name="test_user_posts_basic" time="0.768" /><testcase classname="backend.tests.test_tiktok_proxy.TestUserPosts" name="test_user_posts_pagination_no_overlap" time="4.047" /><testcase classname="backend.tests.test_tiktok_proxy.TestResolve" name="test_resolve_video_hd" time="0.829" /><testcase classname="backend.tests.test_tiktok_proxy.TestResolve" name="test_resolve_invalid_url_returns_502" time="1.696" /></testsuite></testsuites>